2024-07-10 11:06:09.606 [info] Log level: Info
2024-07-10 11:06:09.606 [info] Validating found git in: "git"
2024-07-10 11:06:09.606 [info] Using git "2.34.1" from "git"
2024-07-10 11:06:09.606 [info] > git rev-parse --show-toplevel [9ms]
2024-07-10 11:06:09.607 [info] > git rev-parse --git-dir --git-common-dir [2ms]
2024-07-10 11:06:09.632 [info] Open repository: /var/www/html/POC/laravel-reverb-course
2024-07-10 11:06:09.654 [info] > git config --get commit.template [8ms]
2024-07-10 11:06:09.666 [info] No remotes found in the git config file.
2024-07-10 11:06:09.668 [info] > git for-each-ref --format=%(refname)%00%(upstream:short)%00%(objectname)%00%(upstream:track)%00%(upstream:remotename)%00%(upstream:remoteref) refs/heads/main refs/remotes/main [4ms]
2024-07-10 11:06:09.732 [info] > git status -z -uall [54ms]
2024-07-10 11:06:09.733 [info] > git rev-parse --show-toplevel [41ms]
2024-07-10 11:06:09.841 [info] > git for-each-ref --format=%(refname)%00%(upstream:short)%00%(objectname)%00%(upstream:track)%00%(upstream:remotename)%00%(upstream:remoteref) refs/heads/main refs/remotes/main [98ms]
2024-07-10 11:06:09.866 [info] > git config --local branch.main.vscode-merge-base [17ms]
2024-07-10 11:06:09.866 [warning] git config failed: Failed to execute git
2024-07-10 11:06:09.873 [info] > git config --get commit.template [33ms]
2024-07-10 11:06:09.874 [info] > git rev-parse --show-toplevel [40ms]
2024-07-10 11:06:09.889 [info] No remotes found in the git config file.
2024-07-10 11:06:09.890 [info] > git reflog main --grep-reflog=branch: Created from *. [17ms]
2024-07-10 11:06:09.897 [info] > git for-each-ref --format=%(refname)%00%(upstream:short)%00%(objectname)%00%(upstream:track)%00%(upstream:remotename)%00%(upstream:remoteref) refs/heads/main refs/remotes/main [8ms]
2024-07-10 11:06:09.903 [info] > git rev-parse --show-toplevel [22ms]
2024-07-10 11:06:09.909 [info] > git symbolic-ref --short refs/remotes/origin/HEAD [13ms]
2024-07-10 11:06:09.909 [info] fatal: ref refs/remotes/origin/HEAD is not a symbolic ref
2024-07-10 11:06:09.911 [info] > git status -z -uall [8ms]
2024-07-10 11:06:09.925 [info] > git for-each-ref --format=%(refname)%00%(upstream:short)%00%(objectname)%00%(upstream:track)%00%(upstream:remotename)%00%(upstream:remoteref) refs/heads/main refs/remotes/main [6ms]
2024-07-10 11:06:09.932 [info] > git rev-parse --show-toplevel [24ms]
2024-07-10 11:06:09.939 [info] > git config --local branch.main.vscode-merge-base [8ms]
2024-07-10 11:06:09.939 [warning] git config failed: Failed to execute git
2024-07-10 11:06:09.950 [info] > git reflog main --grep-reflog=branch: Created from *. [4ms]
2024-07-10 11:06:09.956 [info] > git rev-parse --show-toplevel [17ms]
2024-07-10 11:06:09.966 [info] > git symbolic-ref --short refs/remotes/origin/HEAD [10ms]
2024-07-10 11:06:09.967 [info] fatal: ref refs/remotes/origin/HEAD is not a symbolic ref
2024-07-10 11:06:09.968 [info] > git rev-parse --show-toplevel [3ms]
2024-07-10 11:06:09.977 [info] > git rev-parse --show-toplevel [3ms]
2024-07-10 11:06:09.986 [info] > git rev-parse --show-toplevel [3ms]
2024-07-10 11:06:09.995 [info] > git rev-parse --show-toplevel [3ms]
2024-07-10 11:06:10.004 [info] > git rev-parse --show-toplevel [2ms]
2024-07-10 11:06:10.013 [info] > git rev-parse --show-toplevel [3ms]
2024-07-10 11:06:10.052 [info] > git rev-parse --show-toplevel [3ms]
2024-07-10 11:06:10.060 [info] > git rev-parse --show-toplevel [2ms]
2024-07-10 11:06:10.068 [info] > git rev-parse --show-toplevel [2ms]
2024-07-10 11:06:10.076 [info] > git rev-parse --show-toplevel [3ms]
2024-07-10 11:06:10.084 [info] > git rev-parse --show-toplevel [2ms]
2024-07-10 11:06:10.092 [info] > git rev-parse --show-toplevel [2ms]
2024-07-10 11:06:10.100 [info] > git rev-parse --show-toplevel [1ms]
2024-07-10 11:06:10.109 [info] > git rev-parse --show-toplevel [2ms]
2024-07-10 11:06:10.117 [info] > git rev-parse --show-toplevel [3ms]
2024-07-10 11:06:10.125 [info] > git rev-parse --show-toplevel [2ms]
2024-07-10 11:06:10.133 [info] > git rev-parse --show-toplevel [2ms]
2024-07-10 11:06:10.141 [info] > git rev-parse --show-toplevel [2ms]
2024-07-10 11:06:10.149 [info] > git rev-parse --show-toplevel [2ms]
2024-07-10 11:06:10.158 [info] > git rev-parse --show-toplevel [3ms]
2024-07-10 11:06:10.166 [info] > git rev-parse --show-toplevel [3ms]
2024-07-10 11:06:10.174 [info] > git rev-parse --show-toplevel [3ms]
2024-07-10 11:06:10.207 [info] > git check-ignore -v -z --stdin [4ms]
2024-07-10 11:06:40.841 [info] No remotes found in the git config file.
2024-07-10 11:06:40.845 [info] > git config --get commit.template [18ms]
2024-07-10 11:06:40.847 [info] > git for-each-ref --format=%(refname)%00%(upstream:short)%00%(objectname)%00%(upstream:track)%00%(upstream:remotename)%00%(upstream:remoteref) refs/heads/main refs/remotes/main [6ms]
2024-07-10 11:06:40.866 [info] > git status -z -uall [10ms]
2024-07-10 11:06:40.892 [info] > git for-each-ref --format=%(refname)%00%(upstream:short)%00%(objectname)%00%(upstream:track)%00%(upstream:remotename)%00%(upstream:remoteref) refs/heads/main refs/remotes/main [14ms]
2024-07-10 11:06:40.912 [info] > git config --local branch.main.vscode-merge-base [7ms]
2024-07-10 11:06:40.912 [warning] git config failed: Failed to execute git
2024-07-10 11:06:40.926 [info] > git reflog main --grep-reflog=branch: Created from *. [4ms]
2024-07-10 11:06:40.936 [info] > git symbolic-ref --short refs/remotes/origin/HEAD [3ms]
2024-07-10 11:06:40.936 [info] fatal: ref refs/remotes/origin/HEAD is not a symbolic ref
2024-07-10 11:06:45.910 [info] No remotes found in the git config file.
2024-07-10 11:06:45.911 [info] > git config --get commit.template [9ms]
2024-07-10 11:06:45.913 [info] > git for-each-ref --format=%(refname)%00%(upstream:short)%00%(objectname)%00%(upstream:track)%00%(upstream:remotename)%00%(upstream:remoteref) refs/heads/main refs/remotes/main [3ms]
2024-07-10 11:06:45.929 [info] > git status -z -uall [10ms]
2024-07-10 11:06:45.948 [info] > git for-each-ref --format=%(refname)%00%(upstream:short)%00%(objectname)%00%(upstream:track)%00%(upstream:remotename)%00%(upstream:remoteref) refs/heads/main refs/remotes/main [9ms]
2024-07-10 11:06:45.963 [info] > git config --local branch.main.vscode-merge-base [5ms]
2024-07-10 11:06:45.963 [warning] git config failed: Failed to execute git
2024-07-10 11:06:45.973 [info] > git reflog main --grep-reflog=branch: Created from *. [4ms]
2024-07-10 11:06:45.981 [info] > git symbolic-ref --short refs/remotes/origin/HEAD [2ms]
2024-07-10 11:06:45.981 [info] fatal: ref refs/remotes/origin/HEAD is not a symbolic ref
2024-07-10 11:06:46.932 [info] > git check-ignore -v -z --stdin [4ms]
2024-07-10 11:06:50.964 [info] No remotes found in the git config file.
2024-07-10 11:06:50.965 [info] > git config --get commit.template [9ms]
2024-07-10 11:06:50.967 [info] > git for-each-ref --format=%(refname)%00%(upstream:short)%00%(objectname)%00%(upstream:track)%00%(upstream:remotename)%00%(upstream:remoteref) refs/heads/main refs/remotes/main [4ms]
2024-07-10 11:06:50.983 [info] > git status -z -uall [10ms]
2024-07-10 11:06:51.003 [info] > git for-each-ref --format=%(refname)%00%(upstream:short)%00%(objectname)%00%(upstream:track)%00%(upstream:remotename)%00%(upstream:remoteref) refs/heads/main refs/remotes/main [11ms]
2024-07-10 11:06:51.016 [info] > git config --local branch.main.vscode-merge-base [6ms]
2024-07-10 11:06:51.016 [warning] git config failed: Failed to execute git
2024-07-10 11:06:51.028 [info] > git reflog main --grep-reflog=branch: Created from *. [3ms]
2024-07-10 11:06:51.037 [info] > git symbolic-ref --short refs/remotes/origin/HEAD [2ms]
2024-07-10 11:06:51.037 [info] fatal: ref refs/remotes/origin/HEAD is not a symbolic ref
2024-07-10 11:08:29.173 [info] > git check-ignore -v -z --stdin [3ms]
2024-07-10 11:08:32.841 [info] No remotes found in the git config file.
2024-07-10 11:08:32.852 [info] > git config --get commit.template [14ms]
2024-07-10 11:08:32.854 [info] > git for-each-ref --format=%(refname)%00%(upstream:short)%00%(objectname)%00%(upstream:track)%00%(upstream:remotename)%00%(upstream:remoteref) refs/heads/main refs/remotes/main [3ms]
2024-07-10 11:08:32.881 [info] > git status -z -uall [11ms]
2024-07-10 11:08:32.901 [info] > git for-each-ref --format=%(refname)%00%(upstream:short)%00%(objectname)%00%(upstream:track)%00%(upstream:remotename)%00%(upstream:remoteref) refs/heads/main refs/remotes/main [9ms]
2024-07-10 11:08:32.918 [info] > git config --local branch.main.vscode-merge-base [7ms]
2024-07-10 11:08:32.918 [warning] git config failed: Failed to execute git
2024-07-10 11:08:32.931 [info] > git reflog main --grep-reflog=branch: Created from *. [4ms]
2024-07-10 11:08:32.942 [info] > git symbolic-ref --short refs/remotes/origin/HEAD [3ms]
2024-07-10 11:08:32.942 [info] fatal: ref refs/remotes/origin/HEAD is not a symbolic ref
2024-07-10 11:08:37.919 [info] No remotes found in the git config file.
2024-07-10 11:08:37.920 [info] > git config --get commit.template [10ms]
2024-07-10 11:08:37.921 [info] > git for-each-ref --format=%(refname)%00%(upstream:short)%00%(objectname)%00%(upstream:track)%00%(upstream:remotename)%00%(upstream:remoteref) refs/heads/main refs/remotes/main [3ms]
2024-07-10 11:08:37.937 [info] > git status -z -uall [9ms]
2024-07-10 11:08:37.955 [info] > git for-each-ref --format=%(refname)%00%(upstream:short)%00%(objectname)%00%(upstream:track)%00%(upstream:remotename)%00%(upstream:remoteref) refs/heads/main refs/remotes/main [9ms]
2024-07-10 11:08:37.967 [info] > git config --local branch.main.vscode-merge-base [5ms]
2024-07-10 11:08:37.967 [warning] git config failed: Failed to execute git
2024-07-10 11:08:37.976 [info] > git reflog main --grep-reflog=branch: Created from *. [3ms]
2024-07-10 11:08:37.984 [info] > git symbolic-ref --short refs/remotes/origin/HEAD [2ms]
2024-07-10 11:08:37.984 [info] fatal: ref refs/remotes/origin/HEAD is not a symbolic ref
2024-07-10 11:08:42.968 [info] No remotes found in the git config file.
2024-07-10 11:08:42.969 [info] > git config --get commit.template [7ms]
2024-07-10 11:08:42.970 [info] > git for-each-ref --format=%(refname)%00%(upstream:short)%00%(objectname)%00%(upstream:track)%00%(upstream:remotename)%00%(upstream:remoteref) refs/heads/main refs/remotes/main [2ms]
2024-07-10 11:08:42.982 [info] > git status -z -uall [7ms]
2024-07-10 11:08:43.000 [info] > git for-each-ref --format=%(refname)%00%(upstream:short)%00%(objectname)%00%(upstream:track)%00%(upstream:remotename)%00%(upstream:remoteref) refs/heads/main refs/remotes/main [9ms]
2024-07-10 11:08:43.014 [info] > git config --local branch.main.vscode-merge-base [5ms]
2024-07-10 11:08:43.014 [warning] git config failed: Failed to execute git
2024-07-10 11:08:43.025 [info] > git reflog main --grep-reflog=branch: Created from *. [3ms]
2024-07-10 11:08:43.036 [info] > git symbolic-ref --short refs/remotes/origin/HEAD [3ms]
2024-07-10 11:08:43.036 [info] fatal: ref refs/remotes/origin/HEAD is not a symbolic ref
2024-07-10 11:08:49.444 [info] No remotes found in the git config file.
2024-07-10 11:08:49.452 [info] > git config --get commit.template [8ms]
2024-07-10 11:08:49.453 [info] > git for-each-ref --format=%(refname)%00%(upstream:short)%00%(objectname)%00%(upstream:track)%00%(upstream:remotename)%00%(upstream:remoteref) refs/heads/main refs/remotes/main [2ms]
2024-07-10 11:08:49.469 [info] > git status -z -uall [9ms]
2024-07-10 11:08:49.487 [info] > git for-each-ref --format=%(refname)%00%(upstream:short)%00%(objectname)%00%(upstream:track)%00%(upstream:remotename)%00%(upstream:remoteref) refs/heads/main refs/remotes/main [9ms]
2024-07-10 11:08:49.499 [info] > git config --local branch.main.vscode-merge-base [4ms]
2024-07-10 11:08:49.499 [warning] git config failed: Failed to execute git
2024-07-10 11:08:49.508 [info] > git reflog main --grep-reflog=branch: Created from *. [3ms]
2024-07-10 11:08:49.517 [info] > git symbolic-ref --short refs/remotes/origin/HEAD [3ms]
2024-07-10 11:08:49.517 [info] fatal: ref refs/remotes/origin/HEAD is not a symbolic ref
2024-07-10 11:08:54.503 [info] No remotes found in the git config file.
2024-07-10 11:08:54.504 [info] > git config --get commit.template [10ms]
2024-07-10 11:08:54.505 [info] > git for-each-ref --format=%(refname)%00%(upstream:short)%00%(objectname)%00%(upstream:track)%00%(upstream:remotename)%00%(upstream:remoteref) refs/heads/main refs/remotes/main [3ms]
2024-07-10 11:08:54.521 [info] > git status -z -uall [9ms]
2024-07-10 11:08:54.538 [info] > git for-each-ref --format=%(refname)%00%(upstream:short)%00%(objectname)%00%(upstream:track)%00%(upstream:remotename)%00%(upstream:remoteref) refs/heads/main refs/remotes/main [8ms]
2024-07-10 11:08:54.551 [info] > git config --local branch.main.vscode-merge-base [5ms]
2024-07-10 11:08:54.551 [warning] git config failed: Failed to execute git
2024-07-10 11:08:54.560 [info] > git reflog main --grep-reflog=branch: Created from *. [3ms]
2024-07-10 11:08:54.568 [info] > git symbolic-ref --short refs/remotes/origin/HEAD [2ms]
2024-07-10 11:08:54.568 [info] fatal: ref refs/remotes/origin/HEAD is not a symbolic ref
2024-07-10 11:08:59.554 [info] No remotes found in the git config file.
2024-07-10 11:08:59.555 [info] > git config --get commit.template [9ms]
2024-07-10 11:08:59.557 [info] > git for-each-ref --format=%(refname)%00%(upstream:short)%00%(objectname)%00%(upstream:track)%00%(upstream:remotename)%00%(upstream:remoteref) refs/heads/main refs/remotes/main [4ms]
2024-07-10 11:08:59.573 [info] > git status -z -uall [10ms]
2024-07-10 11:08:59.588 [info] > git for-each-ref --format=%(refname)%00%(upstream:short)%00%(objectname)%00%(upstream:track)%00%(upstream:remotename)%00%(upstream:remoteref) refs/heads/main refs/remotes/main [7ms]
2024-07-10 11:08:59.600 [info] > git config --local branch.main.vscode-merge-base [5ms]
2024-07-10 11:08:59.600 [warning] git config failed: Failed to execute git
2024-07-10 11:08:59.610 [info] > git reflog main --grep-reflog=branch: Created from *. [3ms]
2024-07-10 11:08:59.619 [info] > git symbolic-ref --short refs/remotes/origin/HEAD [3ms]
2024-07-10 11:08:59.619 [info] fatal: ref refs/remotes/origin/HEAD is not a symbolic ref
2024-07-10 11:09:04.604 [info] No remotes found in the git config file.
2024-07-10 11:09:04.605 [info] > git config --get commit.template [9ms]
2024-07-10 11:09:04.606 [info] > git for-each-ref --format=%(refname)%00%(upstream:short)%00%(objectname)%00%(upstream:track)%00%(upstream:remotename)%00%(upstream:remoteref) refs/heads/main refs/remotes/main [2ms]
2024-07-10 11:09:04.622 [info] > git status -z -uall [10ms]
2024-07-10 11:09:04.638 [info] > git for-each-ref --format=%(refname)%00%(upstream:short)%00%(objectname)%00%(upstream:track)%00%(upstream:remotename)%00%(upstream:remoteref) refs/heads/main refs/remotes/main [8ms]
2024-07-10 11:09:04.652 [info] > git config --local branch.main.vscode-merge-base [5ms]
2024-07-10 11:09:04.652 [warning] git config failed: Failed to execute git
2024-07-10 11:09:04.663 [info] > git reflog main --grep-reflog=branch: Created from *. [4ms]
2024-07-10 11:09:04.670 [info] > git symbolic-ref --short refs/remotes/origin/HEAD [2ms]
2024-07-10 11:09:04.671 [info] fatal: ref refs/remotes/origin/HEAD is not a symbolic ref
2024-07-10 11:09:09.654 [info] No remotes found in the git config file.
2024-07-10 11:09:09.655 [info] > git config --get commit.template [8ms]
2024-07-10 11:09:09.656 [info] > git for-each-ref --format=%(refname)%00%(upstream:short)%00%(objectname)%00%(upstream:track)%00%(upstream:remotename)%00%(upstream:remoteref) refs/heads/main refs/remotes/main [3ms]
2024-07-10 11:09:09.672 [info] > git status -z -uall [9ms]
2024-07-10 11:09:09.687 [info] > git for-each-ref --format=%(refname)%00%(upstream:short)%00%(objectname)%00%(upstream:track)%00%(upstream:remotename)%00%(upstream:remoteref) refs/heads/main refs/remotes/main [7ms]
2024-07-10 11:09:09.701 [info] > git config --local branch.main.vscode-merge-base [5ms]
2024-07-10 11:09:09.701 [warning] git config failed: Failed to execute git
2024-07-10 11:09:09.711 [info] > git reflog main --grep-reflog=branch: Created from *. [3ms]
2024-07-10 11:09:09.720 [info] > git symbolic-ref --short refs/remotes/origin/HEAD [3ms]
2024-07-10 11:09:09.720 [info] fatal: ref refs/remotes/origin/HEAD is not a symbolic ref
2024-07-10 11:09:14.704 [info] No remotes found in the git config file.
2024-07-10 11:09:14.705 [info] > git config --get commit.template [9ms]
2024-07-10 11:09:14.706 [info] > git for-each-ref --format=%(refname)%00%(upstream:short)%00%(objectname)%00%(upstream:track)%00%(upstream:remotename)%00%(upstream:remoteref) refs/heads/main refs/remotes/main [2ms]
2024-07-10 11:09:14.722 [info] > git status -z -uall [9ms]
2024-07-10 11:09:14.744 [info] > git for-each-ref --format=%(refname)%00%(upstream:short)%00%(objectname)%00%(upstream:track)%00%(upstream:remotename)%00%(upstream:remoteref) refs/heads/main refs/remotes/main [11ms]
2024-07-10 11:09:14.758 [info] > git config --local branch.main.vscode-merge-base [6ms]
2024-07-10 11:09:14.758 [warning] git config failed: Failed to execute git
2024-07-10 11:09:14.770 [info] > git reflog main --grep-reflog=branch: Created from *. [4ms]
2024-07-10 11:09:14.778 [info] > git symbolic-ref --short refs/remotes/origin/HEAD [2ms]
2024-07-10 11:09:14.778 [info] fatal: ref refs/remotes/origin/HEAD is not a symbolic ref
2024-07-10 11:09:19.755 [info] No remotes found in the git config file.
2024-07-10 11:09:19.763 [info] > git config --get commit.template [8ms]
2024-07-10 11:09:19.764 [info] > git for-each-ref --format=%(refname)%00%(upstream:short)%00%(objectname)%00%(upstream:track)%00%(upstream:remotename)%00%(upstream:remoteref) refs/heads/main refs/remotes/main [2ms]
2024-07-10 11:09:19.779 [info] > git status -z -uall [9ms]
2024-07-10 11:09:19.794 [info] > git for-each-ref --format=%(refname)%00%(upstream:short)%00%(objectname)%00%(upstream:track)%00%(upstream:remotename)%00%(upstream:remoteref) refs/heads/main refs/remotes/main [6ms]
2024-07-10 11:09:19.804 [info] > git config --local branch.main.vscode-merge-base [4ms]
2024-07-10 11:09:19.804 [warning] git config failed: Failed to execute git
2024-07-10 11:09:19.815 [info] > git reflog main --grep-reflog=branch: Created from *. [3ms]
2024-07-10 11:09:19.822 [info] > git symbolic-ref --short refs/remotes/origin/HEAD [2ms]
2024-07-10 11:09:19.822 [info] fatal: ref refs/remotes/origin/HEAD is not a symbolic ref
2024-07-10 11:09:24.803 [info] No remotes found in the git config file.
2024-07-10 11:09:24.810 [info] > git config --get commit.template [8ms]
2024-07-10 11:09:24.812 [info] > git for-each-ref --format=%(refname)%00%(upstream:short)%00%(objectname)%00%(upstream:track)%00%(upstream:remotename)%00%(upstream:remoteref) refs/heads/main refs/remotes/main [2ms]
2024-07-10 11:09:24.826 [info] > git status -z -uall [9ms]
2024-07-10 11:09:24.841 [info] > git for-each-ref --format=%(refname)%00%(upstream:short)%00%(objectname)%00%(upstream:track)%00%(upstream:remotename)%00%(upstream:remoteref) refs/heads/main refs/remotes/main [7ms]
2024-07-10 11:09:24.852 [info] > git config --local branch.main.vscode-merge-base [4ms]
2024-07-10 11:09:24.853 [warning] git config failed: Failed to execute git
2024-07-10 11:09:24.863 [info] > git reflog main --grep-reflog=branch: Created from *. [3ms]
2024-07-10 11:09:24.871 [info] > git symbolic-ref --short refs/remotes/origin/HEAD [2ms]
2024-07-10 11:09:24.871 [info] fatal: ref refs/remotes/origin/HEAD is not a symbolic ref
2024-07-10 11:09:29.858 [info] No remotes found in the git config file.
2024-07-10 11:09:29.859 [info] > git config --get commit.template [9ms]
2024-07-10 11:09:29.862 [info] > git for-each-ref --format=%(refname)%00%(upstream:short)%00%(objectname)%00%(upstream:track)%00%(upstream:remotename)%00%(upstream:remoteref) refs/heads/main refs/remotes/main [3ms]
2024-07-10 11:09:29.877 [info] > git status -z -uall [8ms]
2024-07-10 11:09:29.894 [info] > git for-each-ref --format=%(refname)%00%(upstream:short)%00%(objectname)%00%(upstream:track)%00%(upstream:remotename)%00%(upstream:remoteref) refs/heads/main refs/remotes/main [8ms]
2024-07-10 11:09:29.908 [info] > git config --local branch.main.vscode-merge-base [5ms]
2024-07-10 11:09:29.908 [warning] git config failed: Failed to execute git
2024-07-10 11:09:29.918 [info] > git reflog main --grep-reflog=branch: Created from *. [3ms]
2024-07-10 11:09:29.926 [info] > git symbolic-ref --short refs/remotes/origin/HEAD [2ms]
2024-07-10 11:09:29.926 [info] fatal: ref refs/remotes/origin/HEAD is not a symbolic ref
2024-07-10 11:09:34.905 [info] No remotes found in the git config file.
2024-07-10 11:09:34.912 [info] > git config --get commit.template [8ms]
2024-07-10 11:09:34.914 [info] > git for-each-ref --format=%(refname)%00%(upstream:short)%00%(objectname)%00%(upstream:track)%00%(upstream:remotename)%00%(upstream:remoteref) refs/heads/main refs/remotes/main [2ms]
2024-07-10 11:09:34.927 [info] > git status -z -uall [8ms]
2024-07-10 11:09:34.941 [info] > git for-each-ref --format=%(refname)%00%(upstream:short)%00%(objectname)%00%(upstream:track)%00%(upstream:remotename)%00%(upstream:remoteref) refs/heads/main refs/remotes/main [7ms]
2024-07-10 11:09:34.951 [info] > git config --local branch.main.vscode-merge-base [3ms]
2024-07-10 11:09:34.951 [warning] git config failed: Failed to execute git
2024-07-10 11:09:34.960 [info] > git reflog main --grep-reflog=branch: Created from *. [3ms]
2024-07-10 11:09:34.967 [info] > git symbolic-ref --short refs/remotes/origin/HEAD [2ms]
2024-07-10 11:09:34.967 [info] fatal: ref refs/remotes/origin/HEAD is not a symbolic ref
2024-07-10 11:09:39.956 [info] No remotes found in the git config file.
2024-07-10 11:09:39.957 [info] > git config --get commit.template [9ms]
2024-07-10 11:09:39.959 [info] > git for-each-ref --format=%(refname)%00%(upstream:short)%00%(objectname)%00%(upstream:track)%00%(upstream:remotename)%00%(upstream:remoteref) refs/heads/main refs/remotes/main [3ms]
2024-07-10 11:09:39.975 [info] > git status -z -uall [9ms]
2024-07-10 11:09:39.993 [info] > git for-each-ref --format=%(refname)%00%(upstream:short)%00%(objectname)%00%(upstream:track)%00%(upstream:remotename)%00%(upstream:remoteref) refs/heads/main refs/remotes/main [10ms]
2024-07-10 11:09:40.008 [info] > git config --local branch.main.vscode-merge-base [8ms]
2024-07-10 11:09:40.008 [warning] git config failed: Failed to execute git
2024-07-10 11:09:40.019 [info] > git reflog main --grep-reflog=branch: Created from *. [4ms]
2024-07-10 11:09:40.026 [info] > git symbolic-ref --short refs/remotes/origin/HEAD [2ms]
2024-07-10 11:09:40.027 [info] fatal: ref refs/remotes/origin/HEAD is not a symbolic ref
2024-07-10 11:09:45.015 [info] No remotes found in the git config file.
2024-07-10 11:09:45.016 [info] > git config --get commit.template [12ms]
2024-07-10 11:09:45.018 [info] > git for-each-ref --format=%(refname)%00%(upstream:short)%00%(objectname)%00%(upstream:track)%00%(upstream:remotename)%00%(upstream:remoteref) refs/heads/main refs/remotes/main [3ms]
2024-07-10 11:09:45.034 [info] > git status -z -uall [9ms]
2024-07-10 11:09:45.051 [info] > git for-each-ref --format=%(refname)%00%(upstream:short)%00%(objectname)%00%(upstream:track)%00%(upstream:remotename)%00%(upstream:remoteref) refs/heads/main refs/remotes/main [8ms]
2024-07-10 11:09:45.066 [info] > git config --local branch.main.vscode-merge-base [5ms]
2024-07-10 11:09:45.066 [warning] git config failed: Failed to execute git
2024-07-10 11:09:45.076 [info] > git reflog main --grep-reflog=branch: Created from *. [4ms]
2024-07-10 11:09:45.087 [info] > git symbolic-ref --short refs/remotes/origin/HEAD [3ms]
2024-07-10 11:09:45.087 [info] fatal: ref refs/remotes/origin/HEAD is not a symbolic ref
2024-07-10 11:12:04.927 [info] No remotes found in the git config file.
2024-07-10 11:12:04.933 [info] > git config --get commit.template [19ms]
2024-07-10 11:12:04.935 [info] > git for-each-ref --format=%(refname)%00%(upstream:short)%00%(objectname)%00%(upstream:track)%00%(upstream:remotename)%00%(upstream:remoteref) refs/heads/main refs/remotes/main [8ms]
2024-07-10 11:12:04.966 [info] > git status -z -uall [19ms]
2024-07-10 11:12:04.995 [info] > git for-each-ref --format=%(refname)%00%(upstream:short)%00%(objectname)%00%(upstream:track)%00%(upstream:remotename)%00%(upstream:remoteref) refs/heads/main refs/remotes/main [13ms]
2024-07-10 11:12:05.018 [info] > git config --local branch.main.vscode-merge-base [10ms]
2024-07-10 11:12:05.018 [warning] git config failed: Failed to execute git
2024-07-10 11:12:05.037 [info] > git reflog main --grep-reflog=branch: Created from *. [7ms]
2024-07-10 11:12:05.050 [info] > git symbolic-ref --short refs/remotes/origin/HEAD [4ms]
2024-07-10 11:12:05.051 [info] fatal: ref refs/remotes/origin/HEAD is not a symbolic ref
2024-07-10 11:12:08.620 [info] > git check-ignore -v -z --stdin [3ms]
2024-07-10 11:12:09.169 [info] > git show --textconv :app/Events/HelloWorld.php [17ms]
2024-07-10 11:12:09.171 [info] > git ls-files --stage -- /var/www/html/POC/laravel-reverb-course/app/Events/HelloWorld.php [4ms]
2024-07-10 11:12:10.014 [info] No remotes found in the git config file.
2024-07-10 11:12:10.016 [info] > git config --get commit.template [11ms]
2024-07-10 11:12:10.018 [info] > git for-each-ref --format=%(refname)%00%(upstream:short)%00%(objectname)%00%(upstream:track)%00%(upstream:remotename)%00%(upstream:remoteref) refs/heads/main refs/remotes/main [3ms]
2024-07-10 11:12:10.033 [info] > git status -z -uall [9ms]
2024-07-10 11:12:10.050 [info] > git for-each-ref --format=%(refname)%00%(upstream:short)%00%(objectname)%00%(upstream:track)%00%(upstream:remotename)%00%(upstream:remoteref) refs/heads/main refs/remotes/main [7ms]
2024-07-10 11:12:10.061 [info] > git config --local branch.main.vscode-merge-base [4ms]
2024-07-10 11:12:10.062 [warning] git config failed: Failed to execute git
2024-07-10 11:12:10.071 [info] > git reflog main --grep-reflog=branch: Created from *. [3ms]
2024-07-10 11:12:10.081 [info] > git symbolic-ref --short refs/remotes/origin/HEAD [3ms]
2024-07-10 11:12:10.081 [info] fatal: ref refs/remotes/origin/HEAD is not a symbolic ref
2024-07-10 11:12:15.066 [info] No remotes found in the git config file.
2024-07-10 11:12:15.067 [info] > git config --get commit.template [9ms]
2024-07-10 11:12:15.070 [info] > git for-each-ref --format=%(refname)%00%(upstream:short)%00%(objectname)%00%(upstream:track)%00%(upstream:remotename)%00%(upstream:remoteref) refs/heads/main refs/remotes/main [4ms]
2024-07-10 11:12:15.089 [info] > git status -z -uall [11ms]
2024-07-10 11:12:15.108 [info] > git for-each-ref --format=%(refname)%00%(upstream:short)%00%(objectname)%00%(upstream:track)%00%(upstream:remotename)%00%(upstream:remoteref) refs/heads/main refs/remotes/main [9ms]
2024-07-10 11:12:15.122 [info] > git config --local branch.main.vscode-merge-base [2ms]
2024-07-10 11:12:15.122 [warning] git config failed: Failed to execute git
2024-07-10 11:12:15.134 [info] > git reflog main --grep-reflog=branch: Created from *. [3ms]
2024-07-10 11:12:15.144 [info] > git symbolic-ref --short refs/remotes/origin/HEAD [3ms]
2024-07-10 11:12:15.144 [info] fatal: ref refs/remotes/origin/HEAD is not a symbolic ref
2024-07-10 11:12:20.120 [info] No remotes found in the git config file.
2024-07-10 11:12:20.128 [info] > git config --get commit.template [10ms]
2024-07-10 11:12:20.130 [info] > git for-each-ref --format=%(refname)%00%(upstream:short)%00%(objectname)%00%(upstream:track)%00%(upstream:remotename)%00%(upstream:remoteref) refs/heads/main refs/remotes/main [3ms]
2024-07-10 11:12:20.146 [info] > git status -z -uall [9ms]
2024-07-10 11:12:20.162 [info] > git for-each-ref --format=%(refname)%00%(upstream:short)%00%(objectname)%00%(upstream:track)%00%(upstream:remotename)%00%(upstream:remoteref) refs/heads/main refs/remotes/main [7ms]
2024-07-10 11:12:20.174 [info] > git config --local branch.main.vscode-merge-base [5ms]
2024-07-10 11:12:20.174 [warning] git config failed: Failed to execute git
2024-07-10 11:12:20.185 [info] > git reflog main --grep-reflog=branch: Created from *. [4ms]
2024-07-10 11:12:20.194 [info] > git symbolic-ref --short refs/remotes/origin/HEAD [2ms]
2024-07-10 11:12:20.194 [info] fatal: ref refs/remotes/origin/HEAD is not a symbolic ref
2024-07-10 11:12:25.179 [info] No remotes found in the git config file.
2024-07-10 11:12:25.180 [info] > git config --get commit.template [10ms]
2024-07-10 11:12:25.183 [info] > git for-each-ref --format=%(refname)%00%(upstream:short)%00%(objectname)%00%(upstream:track)%00%(upstream:remotename)%00%(upstream:remoteref) refs/heads/main refs/remotes/main [5ms]
2024-07-10 11:12:25.201 [info] > git status -z -uall [10ms]
2024-07-10 11:12:25.218 [info] > git for-each-ref --format=%(refname)%00%(upstream:short)%00%(objectname)%00%(upstream:track)%00%(upstream:remotename)%00%(upstream:remoteref) refs/heads/main refs/remotes/main [7ms]
2024-07-10 11:12:25.233 [info] > git config --local branch.main.vscode-merge-base [7ms]
2024-07-10 11:12:25.233 [warning] git config failed: Failed to execute git
2024-07-10 11:12:25.245 [info] > git reflog main --grep-reflog=branch: Created from *. [3ms]
2024-07-10 11:12:25.255 [info] > git symbolic-ref --short refs/remotes/origin/HEAD [3ms]
2024-07-10 11:12:25.255 [info] fatal: ref refs/remotes/origin/HEAD is not a symbolic ref
2024-07-10 11:12:26.243 [info] > git check-ignore -v -z --stdin [3ms]
2024-07-10 11:12:27.456 [info] > git check-ignore -v -z --stdin [4ms]
2024-07-10 11:12:28.898 [info] > git show --textconv :app/Http/Controllers/ProfileController.php [12ms]
2024-07-10 11:12:28.900 [info] > git ls-files --stage -- /var/www/html/POC/laravel-reverb-course/app/Http/Controllers/ProfileController.php [5ms]
2024-07-10 11:12:28.911 [info] > git cat-file -s 873b4f7d7e0c53e0a8fad5b830889a059f7da203 [3ms]
2024-07-10 11:12:30.226 [info] No remotes found in the git config file.
2024-07-10 11:12:30.234 [info] > git config --get commit.template [9ms]
2024-07-10 11:12:30.236 [info] > git for-each-ref --format=%(refname)%00%(upstream:short)%00%(objectname)%00%(upstream:track)%00%(upstream:remotename)%00%(upstream:remoteref) refs/heads/main refs/remotes/main [2ms]
2024-07-10 11:12:30.254 [info] > git status -z -uall [11ms]
2024-07-10 11:12:30.272 [info] > git for-each-ref --format=%(refname)%00%(upstream:short)%00%(objectname)%00%(upstream:track)%00%(upstream:remotename)%00%(upstream:remoteref) refs/heads/main refs/remotes/main [9ms]
2024-07-10 11:12:30.286 [info] > git config --local branch.main.vscode-merge-base [4ms]
2024-07-10 11:12:30.286 [warning] git config failed: Failed to execute git
2024-07-10 11:12:30.296 [info] > git reflog main --grep-reflog=branch: Created from *. [4ms]
2024-07-10 11:12:30.306 [info] > git symbolic-ref --short refs/remotes/origin/HEAD [2ms]
2024-07-10 11:12:30.306 [info] fatal: ref refs/remotes/origin/HEAD is not a symbolic ref
2024-07-10 11:12:33.203 [info] > git check-ignore -v -z --stdin [3ms]
2024-07-10 11:12:33.580 [info] > git show --textconv :app/Http/Middleware/HandleInertiaRequests.php [9ms]
2024-07-10 11:12:33.582 [info] > git ls-files --stage -- /var/www/html/POC/laravel-reverb-course/app/Http/Middleware/HandleInertiaRequests.php [3ms]
2024-07-10 11:12:33.594 [info] > git cat-file -s c73606599bb9426a3c3627d917081fddfbe64d3b [3ms]
2024-07-10 11:12:35.288 [info] No remotes found in the git config file.
2024-07-10 11:12:35.289 [info] > git config --get commit.template [10ms]
2024-07-10 11:12:35.291 [info] > git for-each-ref --format=%(refname)%00%(upstream:short)%00%(objectname)%00%(upstream:track)%00%(upstream:remotename)%00%(upstream:remoteref) refs/heads/main refs/remotes/main [4ms]
2024-07-10 11:12:35.307 [info] > git status -z -uall [9ms]
2024-07-10 11:12:35.325 [info] > git for-each-ref --format=%(refname)%00%(upstream:short)%00%(objectname)%00%(upstream:track)%00%(upstream:remotename)%00%(upstream:remoteref) refs/heads/main refs/remotes/main [9ms]
2024-07-10 11:12:35.340 [info] > git config --local branch.main.vscode-merge-base [5ms]
2024-07-10 11:12:35.340 [warning] git config failed: Failed to execute git
2024-07-10 11:12:35.350 [info] > git reflog main --grep-reflog=branch: Created from *. [4ms]
2024-07-10 11:12:35.360 [info] > git symbolic-ref --short refs/remotes/origin/HEAD [3ms]
2024-07-10 11:12:35.360 [info] fatal: ref refs/remotes/origin/HEAD is not a symbolic ref
2024-07-10 11:12:40.341 [info] No remotes found in the git config file.
2024-07-10 11:12:40.342 [info] > git config --get commit.template [9ms]
2024-07-10 11:12:40.344 [info] > git for-each-ref --format=%(refname)%00%(upstream:short)%00%(objectname)%00%(upstream:track)%00%(upstream:remotename)%00%(upstream:remoteref) refs/heads/main refs/remotes/main [3ms]
2024-07-10 11:12:40.360 [info] > git status -z -uall [9ms]
2024-07-10 11:12:40.377 [info] > git for-each-ref --format=%(refname)%00%(upstream:short)%00%(objectname)%00%(upstream:track)%00%(upstream:remotename)%00%(upstream:remoteref) refs/heads/main refs/remotes/main [8ms]
2024-07-10 11:12:40.391 [info] > git config --local branch.main.vscode-merge-base [5ms]
2024-07-10 11:12:40.391 [warning] git config failed: Failed to execute git
2024-07-10 11:12:40.401 [info] > git reflog main --grep-reflog=branch: Created from *. [3ms]
2024-07-10 11:12:40.410 [info] > git symbolic-ref --short refs/remotes/origin/HEAD [2ms]
2024-07-10 11:12:40.410 [info] fatal: ref refs/remotes/origin/HEAD is not a symbolic ref
2024-07-10 11:12:43.109 [info] > git check-ignore -v -z --stdin [3ms]
2024-07-10 11:12:43.712 [info] > git show --textconv :app/Models/User.php [9ms]
2024-07-10 11:12:43.713 [info] > git ls-files --stage -- /var/www/html/POC/laravel-reverb-course/app/Models/User.php [2ms]
2024-07-10 11:12:43.722 [info] > git cat-file -s def621f47d6037826d60e2a11ab2394f9f131d79 [3ms]
2024-07-10 11:12:45.398 [info] No remotes found in the git config file.
2024-07-10 11:12:45.399 [info] > git config --get commit.template [9ms]
2024-07-10 11:12:45.401 [info] > git for-each-ref --format=%(refname)%00%(upstream:short)%00%(objectname)%00%(upstream:track)%00%(upstream:remotename)%00%(upstream:remoteref) refs/heads/main refs/remotes/main [4ms]
2024-07-10 11:12:45.418 [info] > git status -z -uall [10ms]
2024-07-10 11:12:45.436 [info] > git for-each-ref --format=%(refname)%00%(upstream:short)%00%(objectname)%00%(upstream:track)%00%(upstream:remotename)%00%(upstream:remoteref) refs/heads/main refs/remotes/main [8ms]
2024-07-10 11:12:45.450 [info] > git config --local branch.main.vscode-merge-base [5ms]
2024-07-10 11:12:45.451 [warning] git config failed: Failed to execute git
2024-07-10 11:12:45.461 [info] > git reflog main --grep-reflog=branch: Created from *. [3ms]
2024-07-10 11:12:45.471 [info] > git symbolic-ref --short refs/remotes/origin/HEAD [3ms]
2024-07-10 11:12:45.471 [info] fatal: ref refs/remotes/origin/HEAD is not a symbolic ref
2024-07-10 11:12:47.357 [info] > git check-ignore -v -z --stdin [4ms]
2024-07-10 11:12:47.900 [info] > git show --textconv :app/Providers/AppServiceProvider.php [10ms]
2024-07-10 11:12:47.902 [info] > git ls-files --stage -- /var/www/html/POC/laravel-reverb-course/app/Providers/AppServiceProvider.php [4ms]
2024-07-10 11:12:47.911 [info] > git cat-file -s 452e6b65b7a18aa7c3aaf886fd183a002d381e34 [3ms]
2024-07-10 11:12:50.453 [info] No remotes found in the git config file.
2024-07-10 11:12:50.454 [info] > git config --get commit.template [8ms]
2024-07-10 11:12:50.456 [info] > git for-each-ref --format=%(refname)%00%(upstream:short)%00%(objectname)%00%(upstream:track)%00%(upstream:remotename)%00%(upstream:remoteref) refs/heads/main refs/remotes/main [4ms]
2024-07-10 11:12:50.472 [info] > git status -z -uall [9ms]
2024-07-10 11:12:50.488 [info] > git for-each-ref --format=%(refname)%00%(upstream:short)%00%(objectname)%00%(upstream:track)%00%(upstream:remotename)%00%(upstream:remoteref) refs/heads/main refs/remotes/main [6ms]
2024-07-10 11:12:50.501 [info] > git config --local branch.main.vscode-merge-base [6ms]
2024-07-10 11:12:50.501 [warning] git config failed: Failed to execute git
2024-07-10 11:12:50.511 [info] > git reflog main --grep-reflog=branch: Created from *. [3ms]
2024-07-10 11:12:50.521 [info] > git symbolic-ref --short refs/remotes/origin/HEAD [3ms]
2024-07-10 11:12:50.521 [info] fatal: ref refs/remotes/origin/HEAD is not a symbolic ref
2024-07-10 11:12:55.505 [info] No remotes found in the git config file.
2024-07-10 11:12:55.507 [info] > git config --get commit.template [8ms]
2024-07-10 11:12:55.508 [info] > git for-each-ref --format=%(refname)%00%(upstream:short)%00%(objectname)%00%(upstream:track)%00%(upstream:remotename)%00%(upstream:remoteref) refs/heads/main refs/remotes/main [3ms]
2024-07-10 11:12:55.523 [info] > git status -z -uall [8ms]
2024-07-10 11:12:55.538 [info] > git for-each-ref --format=%(refname)%00%(upstream:short)%00%(objectname)%00%(upstream:track)%00%(upstream:remotename)%00%(upstream:remoteref) refs/heads/main refs/remotes/main [6ms]
2024-07-10 11:12:55.551 [info] > git config --local branch.main.vscode-merge-base [4ms]
2024-07-10 11:12:55.551 [warning] git config failed: Failed to execute git
2024-07-10 11:12:55.561 [info] > git reflog main --grep-reflog=branch: Created from *. [3ms]
2024-07-10 11:12:55.571 [info] > git symbolic-ref --short refs/remotes/origin/HEAD [2ms]
2024-07-10 11:12:55.571 [info] fatal: ref refs/remotes/origin/HEAD is not a symbolic ref
2024-07-10 11:13:00.554 [info] No remotes found in the git config file.
2024-07-10 11:13:00.555 [info] > git config --get commit.template [9ms]
2024-07-10 11:13:00.557 [info] > git for-each-ref --format=%(refname)%00%(upstream:short)%00%(objectname)%00%(upstream:track)%00%(upstream:remotename)%00%(upstream:remoteref) refs/heads/main refs/remotes/main [3ms]
2024-07-10 11:13:00.573 [info] > git status -z -uall [9ms]
2024-07-10 11:13:00.590 [info] > git for-each-ref --format=%(refname)%00%(upstream:short)%00%(objectname)%00%(upstream:track)%00%(upstream:remotename)%00%(upstream:remoteref) refs/heads/main refs/remotes/main [8ms]
2024-07-10 11:13:00.605 [info] > git config --local branch.main.vscode-merge-base [6ms]
2024-07-10 11:13:00.605 [warning] git config failed: Failed to execute git
2024-07-10 11:13:00.615 [info] > git reflog main --grep-reflog=branch: Created from *. [3ms]
2024-07-10 11:13:00.623 [info] > git symbolic-ref --short refs/remotes/origin/HEAD [2ms]
2024-07-10 11:13:00.623 [info] fatal: ref refs/remotes/origin/HEAD is not a symbolic ref
2024-07-10 11:13:05.600 [info] No remotes found in the git config file.
2024-07-10 11:13:05.609 [info] > git config --get commit.template [10ms]
2024-07-10 11:13:05.611 [info] > git for-each-ref --format=%(refname)%00%(upstream:short)%00%(objectname)%00%(upstream:track)%00%(upstream:remotename)%00%(upstream:remoteref) refs/heads/main refs/remotes/main [3ms]
2024-07-10 11:13:05.627 [info] > git status -z -uall [9ms]
2024-07-10 11:13:05.644 [info] > git for-each-ref --format=%(refname)%00%(upstream:short)%00%(objectname)%00%(upstream:track)%00%(upstream:remotename)%00%(upstream:remoteref) refs/heads/main refs/remotes/main [8ms]
2024-07-10 11:13:05.655 [info] > git config --local branch.main.vscode-merge-base [4ms]
2024-07-10 11:13:05.655 [warning] git config failed: Failed to execute git
2024-07-10 11:13:05.666 [info] > git reflog main --grep-reflog=branch: Created from *. [4ms]
2024-07-10 11:13:05.674 [info] > git symbolic-ref --short refs/remotes/origin/HEAD [2ms]
2024-07-10 11:13:05.675 [info] fatal: ref refs/remotes/origin/HEAD is not a symbolic ref
2024-07-10 11:22:55.357 [info] No remotes found in the git config file.
2024-07-10 11:22:55.361 [info] > git config --get commit.template [15ms]
2024-07-10 11:22:55.363 [info] > git for-each-ref --format=%(refname)%00%(upstream:short)%00%(objectname)%00%(upstream:track)%00%(upstream:remotename)%00%(upstream:remoteref) refs/heads/main refs/remotes/main [7ms]
2024-07-10 11:22:55.390 [info] > git status -z -uall [10ms]
2024-07-10 11:22:55.419 [info] > git for-each-ref --format=%(refname)%00%(upstream:short)%00%(objectname)%00%(upstream:track)%00%(upstream:remotename)%00%(upstream:remoteref) refs/heads/main refs/remotes/main [14ms]
2024-07-10 11:22:55.441 [info] > git config --local branch.main.vscode-merge-base [8ms]
2024-07-10 11:22:55.443 [warning] git config failed: Failed to execute git
2024-07-10 11:22:55.467 [info] > git reflog main --grep-reflog=branch: Created from *. [13ms]
2024-07-10 11:22:55.487 [info] > git symbolic-ref --short refs/remotes/origin/HEAD [6ms]
2024-07-10 11:22:55.487 [info] fatal: ref refs/remotes/origin/HEAD is not a symbolic ref
